[2025-04-27 13:31:57.253] - [PID:35919] [THREAD ID:125050513901376] Children process: 35919
[2025-04-27 13:31:57.254] - [PID:35919] [THREAD ID:125050513901376] Raw Socker Engine: Setting interface index.
[2025-04-27 13:31:57.254] - [PID:35919] [THREAD ID:125050513901376] Protocol: Registering NIC
[2025-04-27 13:31:57.254] - [PID:35919] [THREAD ID:125050513901376] MAC string d8:c0:db:2f:78:a1
[2025-04-27 13:31:57.254] - [PID:35919] [THREAD ID:125050513901376] Starting Vehicle -> 35919
[2025-04-27 13:31:57.254] - [PID:35919] [THREAD ID:125050513901376] Running: 1
[2025-04-27 13:31:57.254] - [PID:35919] [THREAD ID:125050513901376] Threads running.
[2025-04-27 13:31:57.254] - [PID:35919] [THREAD ID:125050513901376] Vehicle NIC35919 started
[2025-04-27 13:31:57.254] - [PID:35919] [THREAD ID:125050483115712] RUNNING SEND THREAD
[2025-04-27 13:31:57.254] - [PID:35919] [THREAD ID:125050483115712] Communicator: Sending message.
[2025-04-27 13:31:57.254] - [PID:35919] [THREAD ID:125050483115712] Protocol: Sending message.
[2025-04-27 13:31:57.255] - [PID:35919] [THREAD ID:125050483115712] NIC: Allocating buffer. 
[2025-04-27 13:31:57.255] - [PID:35919] [THREAD ID:125050483115712] Buffer Pool: Requesting Buffer - Semaphore P -> 32
[2025-04-27 13:31:57.255] - [PID:35919] [THREAD ID:125050483115712] Protocol: Buffer allocated.
[2025-04-27 13:31:57.255] - [PID:35919] [THREAD ID:125050483115712] NIC: Sending frame.
[2025-04-27 13:31:57.255] - [PID:35919] [THREAD ID:125050483115712] Raw Socket Engine: Sending frame.
[2025-04-27 13:31:57.255] - [PID:35919] [THREAD ID:125050483115712] Raw Socker Engine: Frame sent.
[2025-04-27 13:31:57.255] - [PID:35919] [THREAD ID:125050483115712] NIC: Frame sent.
[2025-04-27 13:31:57.255] - [PID:35919] [THREAD ID:125050483115712] NIC: Free buffer
[2025-04-27 13:31:57.255] - [PID:35919] [THREAD ID:125050483115712] Buffer Pool: Free Buffer
[2025-04-27 13:31:57.255] - [PID:35919] [THREAD ID:125050483115712] Buffer Pool: Freed Buffer
[2025-04-27 13:31:57.255] - [PID:35919] [THREAD ID:125050483115712] Buffer Pool: Buffer was in use - Semaphore V -> 31
[2025-04-27 13:31:57.259] - [PID:35919] [THREAD ID:125050493601472] RUNNING RECEIVE THREAD
[2025-04-27 13:31:57.264] - [PID:35919] [THREAD ID:125050504087232] PROCESSING INCOMING DATA
[2025-04-27 13:31:57.264] - [PID:35919] [THREAD ID:125050504087232] 125050504087232
[2025-04-27 13:31:57.264] - [PID:35919] [THREAD ID:125050504087232] NIC: Allocating buffer. 
[2025-04-27 13:31:57.264] - [PID:35919] [THREAD ID:125050504087232] Buffer Pool: Requesting Buffer - Semaphore P -> 32
[2025-04-27 13:31:57.264] - [PID:35919] [THREAD ID:125050504087232] Raw Socker Engine: Receive started.
[2025-04-27 13:31:57.264] - [PID:35919] [THREAD ID:125050504087232] Raw Socket Engine: Receive PROTO -> 34952
[2025-04-27 13:31:57.264] - [PID:35919] [THREAD ID:125050504087232] SIZE RAW RECEIVE: 82
[2025-04-27 13:31:57.264] - [PID:35919] [THREAD ID:125050504087232] Conditionally_Data_Observed: Notifying observers.
[2025-04-27 13:31:57.264] - [PID:35919] [THREAD ID:125050504087232] 34952 - 34952
[2025-04-27 13:31:57.264] - [PID:35919] [THREAD ID:125050504087232] Protocol: Update observers.
[2025-04-27 13:31:57.264] - [PID:35919] [THREAD ID:125050504087232] Rank: 34952 AND c: 34952
[2025-04-27 13:31:57.265] - [PID:35919] [THREAD ID:125050504087232] Concurrent_Observed: Notifying concurrent observers.
[2025-04-27 13:31:57.265] - [PID:35919] [THREAD ID:125050493601472] RUNNING RECEIVE THREAD
[2025-04-27 13:31:57.479] - [PID:35919] [THREAD ID:125050504087232] PROCESSING INCOMING DATA
[2025-04-27 13:31:57.479] - [PID:35919] [THREAD ID:125050504087232] 125050504087232
[2025-04-27 13:31:57.479] - [PID:35919] [THREAD ID:125050504087232] NIC: Allocating buffer. 
[2025-04-27 13:31:57.479] - [PID:35919] [THREAD ID:125050504087232] Buffer Pool: Requesting Buffer - Semaphore P -> 31
[2025-04-27 13:31:57.479] - [PID:35919] [THREAD ID:125050504087232] Raw Socker Engine: Receive started.
[2025-04-27 13:31:57.480] - [PID:35919] [THREAD ID:125050504087232] Raw Socket Engine: Receive PROTO -> 54
[2025-04-27 13:31:57.480] - [PID:35919] [THREAD ID:125050504087232] SIZE RAW RECEIVE: 54
[2025-04-27 13:31:57.480] - [PID:35919] [THREAD ID:125050504087232] Conditionally_Data_Observed: Notifying observers.
[2025-04-27 13:31:57.480] - [PID:35919] [THREAD ID:125050504087232] 34952 - 54
[2025-04-27 13:31:57.480] - [PID:35919] [THREAD ID:125050504087232] NIC: Free buffer
[2025-04-27 13:31:57.480] - [PID:35919] [THREAD ID:125050504087232] Buffer Pool: Free Buffer
[2025-04-27 13:31:57.480] - [PID:35919] [THREAD ID:125050504087232] Buffer Pool: Freed Buffer
[2025-04-27 13:31:57.480] - [PID:35919] [THREAD ID:125050504087232] Buffer Pool: Buffer was in use - Semaphore V -> 30
[2025-04-27 13:31:59.558] - [PID:35919] [THREAD ID:125050504087232] PROCESSING INCOMING DATA
[2025-04-27 13:31:59.559] - [PID:35919] [THREAD ID:125050504087232] 125050504087232
[2025-04-27 13:31:59.559] - [PID:35919] [THREAD ID:125050504087232] NIC: Allocating buffer. 
[2025-04-27 13:31:59.559] - [PID:35919] [THREAD ID:125050504087232] Buffer Pool: Requesting Buffer - Semaphore P -> 31
[2025-04-27 13:31:59.559] - [PID:35919] [THREAD ID:125050504087232] Raw Socker Engine: Receive started.
[2025-04-27 13:31:59.559] - [PID:35919] [THREAD ID:125050504087232] Raw Socket Engine: Receive PROTO -> 54
[2025-04-27 13:31:59.559] - [PID:35919] [THREAD ID:125050504087232] SIZE RAW RECEIVE: 54
[2025-04-27 13:31:59.559] - [PID:35919] [THREAD ID:125050504087232] Conditionally_Data_Observed: Notifying observers.
[2025-04-27 13:31:59.559] - [PID:35919] [THREAD ID:125050504087232] 34952 - 54
[2025-04-27 13:31:59.559] - [PID:35919] [THREAD ID:125050504087232] NIC: Free buffer
[2025-04-27 13:31:59.559] - [PID:35919] [THREAD ID:125050504087232] Buffer Pool: Free Buffer
[2025-04-27 13:31:59.559] - [PID:35919] [THREAD ID:125050504087232] Buffer Pool: Freed Buffer
[2025-04-27 13:31:59.560] - [PID:35919] [THREAD ID:125050504087232] Buffer Pool: Buffer was in use - Semaphore V -> 30
